# JRE version: Java(TM) SE Runtime Environment (8.0-b132) (build 1.8.0-b132)
# Java VM: Java HotSpot(TM) 64-Bit Server VM (25.0-b70 mixed mode bsd-amd64 compressed oops)
Heap:
 PSYoungGen      total 55296K, used 15183K [0x00000007aab00000, 0x00000007ae580000, 0x00000007c0000000)
  eden space 51712K, 27% used [0x00000007aab00000,0x00000007ab8fbc60,0x00000007add80000)
  from space 3584K, 24% used [0x00000007ae200000,0x00000007ae2d8000,0x00000007ae580000)
  to   space 4096K, 0% used [0x00000007add80000,0x00000007add80000,0x00000007ae180000)
 ParOldGen       total 64000K, used 11729K [0x0000000780000000, 0x0000000783e80000, 0x00000007aab00000)
  object space 64000K, 18% used [0x0000000780000000,0x0000000780b74750,0x0000000783e80000)
 Metaspace       used 9823K, capacity 9951K, committed 10112K, reserved 1058816K
  class space    used 1025K, capacity 1042K, committed 1152K, reserved 1048576K
GC Heap History (10 events):
Event: 4.313 GC heap before
{Heap before GC invocations=12 (full 0):
 PSYoungGen      total 16896K, used 12640K [0x00000007aab00000, 0x00000007ac780000, 0x00000007c0000000)
  eden space 12288K, 100% used [0x00000007aab00000,0x00000007ab700000,0x00000007ab700000)
  from space 4608K, 7% used [0x00000007ab700000,0x00000007ab758000,0x00000007abb80000)
  to   space 4608K, 0% used [0x00000007ac300000,0x00000007ac300000,0x00000007ac780000)
 ParOldGen       total 64000K, used 10897K [0x0000000780000000, 0x0000000783e80000, 0x00000007aab00000)
  object space 64000K, 17% used [0x0000000780000000,0x0000000780aa4750,0x0000000783e80000)
 Metaspace       used 8680K, capacity 8831K, committed 8960K, reserved 1056768K
  class space    used 904K, capacity 946K, committed 1024K, reserved 1048576K
Event: 4.317 GC heap after
Heap after GC invocations=12 (full 0):
 PSYoungGen      total 24576K, used 320K [0x00000007aab00000, 0x00000007ac780000, 0x00000007c0000000)
  eden space 19968K, 0% used [0x00000007aab00000,0x00000007aab00000,0x00000007abe80000)
  from space 4608K, 6% used [0x00000007ac300000,0x00000007ac350000,0x00000007ac780000)
  to   space 4608K, 0% used [0x00000007abe80000,0x00000007abe80000,0x00000007ac300000)
 ParOldGen       total 64000K, used 11081K [0x0000000780000000, 0x0000000783e80000, 0x00000007aab00000)
  object space 64000K, 17% used [0x0000000780000000,0x0000000780ad2750,0x0000000783e80000)
 Metaspace       used 8680K, capacity 8831K, committed 8960K, reserved 1056768K
  class space    used 904K, capacity 946K, committed 1024K, reserved 1048576K
}
Event: 4.516 GC heap before
{Heap before GC invocations=13 (full 0):
 PSYoungGen      total 24576K, used 20288K [0x00000007aab00000, 0x00000007ac780000, 0x00000007c0000000)
  eden space 19968K, 100% used [0x00000007aab00000,0x00000007abe80000,0x00000007abe80000)
  from space 4608K, 6% used [0x00000007ac300000,0x00000007ac350000,0x00000007ac780000)
  to   space 4608K, 0% used [0x00000007abe80000,0x00000007abe80000,0x00000007ac300000)
 ParOldGen       total 64000K, used 11081K [0x0000000780000000, 0x0000000783e80000, 0x00000007aab00000)
  object space 64000K, 17% used [0x0000000780000000,0x0000000780ad2750,0x0000000783e80000)
 Metaspace       used 8683K, capacity 8831K, committed 8960K, reserved 1056768K
  class space    used 904K, capacity 946K, committed 1024K, reserved 1048576K
Event: 4.521 GC heap after
Heap after GC invocations=13 (full 0):
 PSYoungGen      total 24576K, used 480K [0x00000007aab00000, 0x00000007ad380000, 0x00000007c0000000)
  eden space 19968K, 0% used [0x00000007aab00000,0x00000007aab00000,0x00000007abe80000)
  from space 4608K, 10% used [0x00000007abe80000,0x00000007abef8000,0x00000007ac300000)
  to   space 4608K, 0% used [0x00000007acf00000,0x00000007acf00000,0x00000007ad380000)
 ParOldGen       total 64000K, used 11217K [0x0000000780000000, 0x0000000783e80000, 0x00000007aab00000)
  object space 64000K, 17% used [0x0000000780000000,0x0000000780af4750,0x0000000783e80000)
 Metaspace       used 8683K, capacity 8831K, committed 8960K, reserved 1056768K
  class space    used 904K, capacity 946K, committed 1024K, reserved 1048576K
}
Event: 4.704 GC heap before
{Heap before GC invocations=14 (full 0):
 PSYoungGen      total 24576K, used 20448K [0x00000007aab00000, 0x00000007ad380000, 0x00000007c0000000)
  eden space 19968K, 100% used [0x00000007aab00000,0x00000007abe80000,0x00000007abe80000)
  from space 4608K, 10% used [0x00000007abe80000,0x00000007abef8000,0x00000007ac300000)
  to   space 4608K, 0% used [0x00000007acf00000,0x00000007acf00000,0x00000007ad380000)
 ParOldGen       total 64000K, used 11217K [0x0000000780000000, 0x0000000783e80000, 0x00000007aab00000)
  object space 64000K, 17% used [0x0000000780000000,0x0000000780af4750,0x0000000783e80000)
 Metaspace       used 8683K, capacity 8831K, committed 8960K, reserved 1056768K
  class space    used 904K, capacity 946K, committed 1024K, reserved 1048576K
Event: 4.707 GC heap after
Heap after GC invocations=14 (full 0):
 PSYoungGen      total 36864K, used 480K [0x00000007aab00000, 0x00000007ad380000, 0x00000007c0000000)
  eden space 32256K, 0% used [0x00000007aab00000,0x00000007aab00000,0x00000007aca80000)
  from space 4608K, 10% used [0x00000007acf00000,0x00000007acf78000,0x00000007ad380000)
  to   space 4608K, 0% used [0x00000007aca80000,0x00000007aca80000,0x00000007acf00000)
 ParOldGen       total 64000K, used 11401K [0x0000000780000000, 0x0000000783e80000, 0x00000007aab00000)
  object space 64000K, 17% used [0x0000000780000000,0x0000000780b22750,0x0000000783e80000)
 Metaspace       used 8683K, capacity 8831K, committed 8960K, reserved 1056768K
  class space    used 904K, capacity 946K, committed 1024K, reserved 1048576K
}
Event: 4.937 GC heap before
{Heap before GC invocations=15 (full 0):
 PSYoungGen      total 36864K, used 32736K [0x00000007aab00000, 0x00000007ad380000, 0x00000007c0000000)
  eden space 32256K, 100% used [0x00000007aab00000,0x00000007aca80000,0x00000007aca80000)
  from space 4608K, 10% used [0x00000007acf00000,0x00000007acf78000,0x00000007ad380000)
  to   space 4608K, 0% used [0x00000007aca80000,0x00000007aca80000,0x00000007acf00000)
 ParOldGen       total 64000K, used 11401K [0x0000000780000000, 0x0000000783e80000, 0x00000007aab00000)
  object space 64000K, 17% used [0x0000000780000000,0x0000000780b22750,0x0000000783e80000)
 Metaspace       used 8688K, capacity 8831K, committed 8960K, reserved 1056768K
  class space    used 904K, capacity 946K, committed 1024K, reserved 1048576K
Event: 4.940 GC heap after
Heap after GC invocations=15 (full 0):
 PSYoungGen      total 36864K, used 640K [0x00000007aab00000, 0x00000007ae680000, 0x00000007c0000000)
  eden space 32256K, 0% used [0x00000007aab00000,0x00000007aab00000,0x00000007aca80000)
  from space 4608K, 13% used [0x00000007aca80000,0x00000007acb20000,0x00000007acf00000)
  to   space 4608K, 0% used [0x00000007ae200000,0x00000007ae200000,0x00000007ae680000)
 ParOldGen       total 64000K, used 11569K [0x0000000780000000, 0x0000000783e80000, 0x00000007aab00000)
  object space 64000K, 18% used [0x0000000780000000,0x0000000780b4c750,0x0000000783e80000)
 Metaspace       used 8688K, capacity 8831K, committed 8960K, reserved 1056768K
  class space    used 904K, capacity 946K, committed 1024K, reserved 1048576K
}
Event: 56.505 GC heap before
{Heap before GC invocations=16 (full 0):
 PSYoungGen      total 36864K, used 32896K [0x00000007aab00000, 0x00000007ae680000, 0x00000007c0000000)
  eden space 32256K, 100% used [0x00000007aab00000,0x00000007aca80000,0x00000007aca80000)
  from space 4608K, 13% used [0x00000007aca80000,0x00000007acb20000,0x00000007acf00000)
  to   space 4608K, 0% used [0x00000007ae200000,0x00000007ae200000,0x00000007ae680000)
 ParOldGen       total 64000K, used 11569K [0x0000000780000000, 0x0000000783e80000, 0x00000007aab00000)
  object space 64000K, 18% used [0x0000000780000000,0x0000000780b4c750,0x0000000783e80000)
 Metaspace       used 9790K, capacity 9887K, committed 10112K, reserved 1058816K
  class space    used 1024K, capacity 1042K, committed 1152K, reserved 1048576K
Event: 56.509 GC heap after
Heap after GC invocations=16 (full 0):
 PSYoungGen      total 55296K, used 864K [0x00000007aab00000, 0x00000007ae580000, 0x00000007c0000000)
  eden space 51712K, 0% used [0x00000007aab00000,0x00000007aab00000,0x00000007add80000)
  from space 3584K, 24% used [0x00000007ae200000,0x00000007ae2d8000,0x00000007ae580000)
  to   space 4096K, 0% used [0x00000007add80000,0x00000007add80000,0x00000007ae180000)
 ParOldGen       total 64000K, used 11729K [0x0000000780000000, 0x0000000783e80000, 0x00000007aab00000)
  object space 64000K, 18% used [0x0000000780000000,0x0000000780b74750,0x0000000783e80000)
 Metaspace       used 9790K, capacity 9887K, committed 10112K, reserved 1058816K
  class space    used 1024K, capacity 1042K, committed 1152K, reserved 1048576K
}

