# JRE version: Java(TM) SE Runtime Environment (8.0-b132) (build 1.8.0-b132)
# Java VM: Java HotSpot(TM) 64-Bit Server VM (25.0-b70 mixed mode bsd-amd64 compressed oops)
Heap:
 PSYoungGen      total 9216K, used 3571K [0x00000007aab00000, 0x00000007ab680000, 0x00000007c0000000)
  eden space 6656K, 35% used [0x00000007aab00000,0x00000007aad4cef8,0x00000007ab180000)
  from space 2560K, 47% used [0x00000007ab400000,0x00000007ab530000,0x00000007ab680000)
  to   space 2560K, 0% used [0x00000007ab180000,0x00000007ab180000,0x00000007ab400000)
 ParOldGen       total 64000K, used 3497K [0x0000000780000000, 0x0000000783e80000, 0x00000007aab00000)
  object space 64000K, 5% used [0x0000000780000000,0x000000078036a410,0x0000000783e80000)
 Metaspace       used 6700K, capacity 6815K, committed 6912K, reserved 1056768K
  class space    used 679K, capacity 722K, committed 768K, reserved 1048576K
GC Heap History (10 events):
Event: 2.303 GC heap before
{Heap before GC invocations=6 (full 0):
 PSYoungGen      total 1536K, used 1479K [0x00000007aab00000, 0x00000007aaf00000, 0x00000007c0000000)
  eden space 1024K, 96% used [0x00000007aab00000,0x00000007aabf5f08,0x00000007aac00000)
  from space 512K, 96% used [0x00000007aac00000,0x00000007aac7c010,0x00000007aac80000)
  to   space 1024K, 0% used [0x00000007aae00000,0x00000007aae00000,0x00000007aaf00000)
 ParOldGen       total 64000K, used 582K [0x0000000780000000, 0x0000000783e80000, 0x00000007aab00000)
  object space 64000K, 0% used [0x0000000780000000,0x00000007800919e8,0x0000000783e80000)
 Metaspace       used 4626K, capacity 5120K, committed 5248K, reserved 1056768K
  class space    used 523K, capacity 560K, committed 640K, reserved 1048576K
Event: 2.305 GC heap after
Heap after GC invocations=6 (full 0):
 PSYoungGen      total 3072K, used 879K [0x00000007aab00000, 0x00000007aaf00000, 0x00000007c0000000)
  eden space 2048K, 0% used [0x00000007aab00000,0x00000007aab00000,0x00000007aad00000)
  from space 1024K, 85% used [0x00000007aae00000,0x00000007aaedbc20,0x00000007aaf00000)
  to   space 1024K, 0% used [0x00000007aad00000,0x00000007aad00000,0x00000007aae00000)
 ParOldGen       total 64000K, used 590K [0x0000000780000000, 0x0000000783e80000, 0x00000007aab00000)
  object space 64000K, 0% used [0x0000000780000000,0x00000007800939e8,0x0000000783e80000)
 Metaspace       used 4626K, capacity 5120K, committed 5248K, reserved 1056768K
  class space    used 523K, capacity 560K, committed 640K, reserved 1048576K
}
Event: 2.467 GC heap before
{Heap before GC invocations=7 (full 0):
 PSYoungGen      total 3072K, used 2927K [0x00000007aab00000, 0x00000007aaf00000, 0x00000007c0000000)
  eden space 2048K, 100% used [0x00000007aab00000,0x00000007aad00000,0x00000007aad00000)
  from space 1024K, 85% used [0x00000007aae00000,0x00000007aaedbc20,0x00000007aaf00000)
  to   space 1024K, 0% used [0x00000007aad00000,0x00000007aad00000,0x00000007aae00000)
 ParOldGen       total 64000K, used 590K [0x0000000780000000, 0x0000000783e80000, 0x00000007aab00000)
  object space 64000K, 0% used [0x0000000780000000,0x00000007800939e8,0x0000000783e80000)
 Metaspace       used 5467K, capacity 5891K, committed 6016K, reserved 1056768K
  class space    used 552K, capacity 592K, committed 640K, reserved 1048576K
Event: 2.470 GC heap after
Heap after GC invocations=7 (full 0):
 PSYoungGen      total 3072K, used 923K [0x00000007aab00000, 0x00000007ab200000, 0x00000007c0000000)
  eden space 2048K, 0% used [0x00000007aab00000,0x00000007aab00000,0x00000007aad00000)
  from space 1024K, 90% used [0x00000007aad00000,0x00000007aade6fe8,0x00000007aae00000)
  to   space 1536K, 0% used [0x00000007ab080000,0x00000007ab080000,0x00000007ab200000)
 ParOldGen       total 64000K, used 898K [0x0000000780000000, 0x0000000783e80000, 0x00000007aab00000)
  object space 64000K, 1% used [0x0000000780000000,0x00000007800e0a48,0x0000000783e80000)
 Metaspace       used 5467K, capacity 5891K, committed 6016K, reserved 1056768K
  class space    used 552K, capacity 592K, committed 640K, reserved 1048576K
}
Event: 2.734 GC heap before
{Heap before GC invocations=8 (full 0):
 PSYoungGen      total 3072K, used 2971K [0x00000007aab00000, 0x00000007ab200000, 0x00000007c0000000)
  eden space 2048K, 100% used [0x00000007aab00000,0x00000007aad00000,0x00000007aad00000)
  from space 1024K, 90% used [0x00000007aad00000,0x00000007aade6fe8,0x00000007aae00000)
  to   space 1536K, 0% used [0x00000007ab080000,0x00000007ab080000,0x00000007ab200000)
 ParOldGen       total 64000K, used 898K [0x0000000780000000, 0x0000000783e80000, 0x00000007aab00000)
  object space 64000K, 1% used [0x0000000780000000,0x00000007800e0a48,0x0000000783e80000)
 Metaspace       used 5825K, capacity 6115K, committed 6272K, reserved 1056768K
  class space    used 586K, capacity 624K, committed 640K, reserved 1048576K
Event: 2.740 GC heap after
Heap after GC invocations=8 (full 0):
 PSYoungGen      total 5632K, used 1430K [0x00000007aab00000, 0x00000007ab200000, 0x00000007c0000000)
  eden space 4096K, 0% used [0x00000007aab00000,0x00000007aab00000,0x00000007aaf00000)
  from space 1536K, 93% used [0x00000007ab080000,0x00000007ab1e5858,0x00000007ab200000)
  to   space 1536K, 0% used [0x00000007aaf00000,0x00000007aaf00000,0x00000007ab080000)
 ParOldGen       total 64000K, used 946K [0x0000000780000000, 0x0000000783e80000, 0x00000007aab00000)
  object space 64000K, 1% used [0x0000000780000000,0x00000007800eca48,0x0000000783e80000)
 Metaspace       used 5825K, capacity 6115K, committed 6272K, reserved 1056768K
  class space    used 586K, capacity 624K, committed 640K, reserved 1048576K
}
Event: 3.670 GC heap before
{Heap before GC invocations=9 (full 0):
 PSYoungGen      total 5632K, used 5526K [0x00000007aab00000, 0x00000007ab200000, 0x00000007c0000000)
  eden space 4096K, 100% used [0x00000007aab00000,0x00000007aaf00000,0x00000007aaf00000)
  from space 1536K, 93% used [0x00000007ab080000,0x00000007ab1e5858,0x00000007ab200000)
  to   space 1536K, 0% used [0x00000007aaf00000,0x00000007aaf00000,0x00000007ab080000)
 ParOldGen       total 64000K, used 946K [0x0000000780000000, 0x0000000783e80000, 0x00000007aab00000)
  object space 64000K, 1% used [0x0000000780000000,0x00000007800eca48,0x0000000783e80000)
 Metaspace       used 6532K, capacity 6623K, committed 6912K, reserved 1056768K
  class space    used 675K, capacity 722K, committed 768K, reserved 1048576K
Event: 3.678 GC heap after
Heap after GC invocations=9 (full 0):
 PSYoungGen      total 5632K, used 1536K [0x00000007aab00000, 0x00000007ab680000, 0x00000007c0000000)
  eden space 4096K, 0% used [0x00000007aab00000,0x00000007aab00000,0x00000007aaf00000)
  from space 1536K, 100% used [0x00000007aaf00000,0x00000007ab080000,0x00000007ab080000)
  to   space 2560K, 0% used [0x00000007ab400000,0x00000007ab400000,0x00000007ab680000)
 ParOldGen       total 64000K, used 3007K [0x0000000780000000, 0x0000000783e80000, 0x00000007aab00000)
  object space 64000K, 4% used [0x0000000780000000,0x00000007802efee8,0x0000000783e80000)
 Metaspace       used 6532K, capacity 6623K, committed 6912K, reserved 1056768K
  class space    used 675K, capacity 722K, committed 768K, reserved 1048576K
}
Event: 3.756 GC heap before
{Heap before GC invocations=10 (full 0):
 PSYoungGen      total 5632K, used 5632K [0x00000007aab00000, 0x00000007ab680000, 0x00000007c0000000)
  eden space 4096K, 100% used [0x00000007aab00000,0x00000007aaf00000,0x00000007aaf00000)
  from space 1536K, 100% used [0x00000007aaf00000,0x00000007ab080000,0x00000007ab080000)
  to   space 2560K, 0% used [0x00000007ab400000,0x00000007ab400000,0x00000007ab680000)
 ParOldGen       total 64000K, used 3007K [0x0000000780000000, 0x0000000783e80000, 0x00000007aab00000)
  object space 64000K, 4% used [0x0000000780000000,0x00000007802efee8,0x0000000783e80000)
 Metaspace       used 6564K, capacity 6687K, committed 6912K, reserved 1056768K
  class space    used 675K, capacity 722K, committed 768K, reserved 1048576K
Event: 3.764 GC heap after
Heap after GC invocations=10 (full 0):
 PSYoungGen      total 9216K, used 1216K [0x00000007aab00000, 0x00000007ab680000, 0x00000007c0000000)
  eden space 6656K, 0% used [0x00000007aab00000,0x00000007aab00000,0x00000007ab180000)
  from space 2560K, 47% used [0x00000007ab400000,0x00000007ab530000,0x00000007ab680000)
  to   space 2560K, 0% used [0x00000007ab180000,0x00000007ab180000,0x00000007ab400000)
 ParOldGen       total 64000K, used 3497K [0x0000000780000000, 0x0000000783e80000, 0x00000007aab00000)
  object space 64000K, 5% used [0x0000000780000000,0x000000078036a410,0x0000000783e80000)
 Metaspace       used 6564K, capacity 6687K, committed 6912K, reserved 1056768K
  class space    used 675K, capacity 722K, committed 768K, reserved 1048576K
}

