# JRE version: Java(TM) SE Runtime Environment (8.0-b132) (build 1.8.0-b132)
# Java VM: Java HotSpot(TM) 64-Bit Server VM (25.0-b70 mixed mode bsd-amd64 compressed oops)
Heap:
 PSYoungGen      total 11264K, used 4471K [0x00000007aab00000, 0x00000007ab900000, 0x00000007c0000000)
  eden space 8192K, 35% used [0x00000007aab00000,0x00000007aadd5e78,0x00000007ab300000)
  from space 3072K, 51% used [0x00000007ab600000,0x00000007ab788000,0x00000007ab900000)
  to   space 3072K, 0% used [0x00000007ab300000,0x00000007ab300000,0x00000007ab600000)
 ParOldGen       total 64000K, used 3648K [0x0000000780000000, 0x0000000783e80000, 0x00000007aab00000)
  object space 64000K, 5% used [0x0000000780000000,0x0000000780390378,0x0000000783e80000)
 Metaspace       used 6596K, capacity 6687K, committed 6912K, reserved 1056768K
  class space    used 677K, capacity 722K, committed 768K, reserved 1048576K
GC Heap History (10 events):
Event: 0.733 GC heap before
{Heap before GC invocations=4 (full 0):
 PSYoungGen      total 1536K, used 1504K [0x00000007aab00000, 0x00000007aae00000, 0x00000007c0000000)
  eden space 1024K, 100% used [0x00000007aab00000,0x00000007aac00000,0x00000007aac00000)
  from space 512K, 93% used [0x00000007aac00000,0x00000007aac78020,0x00000007aac80000)
  to   space 512K, 0% used [0x00000007aad80000,0x00000007aad80000,0x00000007aae00000)
 ParOldGen       total 64000K, used 266K [0x0000000780000000, 0x0000000783e80000, 0x00000007aab00000)
  object space 64000K, 0% used [0x0000000780000000,0x0000000780042808,0x0000000783e80000)
 Metaspace       used 4229K, capacity 4960K, committed 5248K, reserved 1056768K
  class space    used 479K, capacity 528K, committed 640K, reserved 1048576K
Event: 0.736 GC heap after
Heap after GC invocations=4 (full 0):
 PSYoungGen      total 2560K, used 480K [0x00000007aab00000, 0x00000007aae00000, 0x00000007c0000000)
  eden space 2048K, 0% used [0x00000007aab00000,0x00000007aab00000,0x00000007aad00000)
  from space 512K, 93% used [0x00000007aad80000,0x00000007aadf8020,0x00000007aae00000)
  to   space 512K, 0% used [0x00000007aad00000,0x00000007aad00000,0x00000007aad80000)
 ParOldGen       total 64000K, used 580K [0x0000000780000000, 0x0000000783e80000, 0x00000007aab00000)
  object space 64000K, 0% used [0x0000000780000000,0x00000007800911d8,0x0000000783e80000)
 Metaspace       used 4229K, capacity 4960K, committed 5248K, reserved 1056768K
  class space    used 479K, capacity 528K, committed 640K, reserved 1048576K
}
Event: 0.969 GC heap before
{Heap before GC invocations=5 (full 0):
 PSYoungGen      total 2560K, used 2528K [0x00000007aab00000, 0x00000007aae00000, 0x00000007c0000000)
  eden space 2048K, 100% used [0x00000007aab00000,0x00000007aad00000,0x00000007aad00000)
  from space 512K, 93% used [0x00000007aad80000,0x00000007aadf8020,0x00000007aae00000)
  to   space 512K, 0% used [0x00000007aad00000,0x00000007aad00000,0x00000007aad80000)
 ParOldGen       total 64000K, used 580K [0x0000000780000000, 0x0000000783e80000, 0x00000007aab00000)
  object space 64000K, 0% used [0x0000000780000000,0x00000007800911d8,0x0000000783e80000)
 Metaspace       used 5232K, capacity 5667K, committed 5760K, reserved 1056768K
  class space    used 533K, capacity 560K, committed 640K, reserved 1048576K
Event: 0.983 GC heap after
Heap after GC invocations=5 (full 0):
 PSYoungGen      total 2560K, used 512K [0x00000007aab00000, 0x00000007ab200000, 0x00000007c0000000)
  eden space 2048K, 0% used [0x00000007aab00000,0x00000007aab00000,0x00000007aad00000)
  from space 512K, 100% used [0x00000007aad00000,0x00000007aad80000,0x00000007aad80000)
  to   space 1536K, 0% used [0x00000007ab080000,0x00000007ab080000,0x00000007ab200000)
 ParOldGen       total 64000K, used 1082K [0x0000000780000000, 0x0000000783e80000, 0x00000007aab00000)
  object space 64000K, 1% used [0x0000000780000000,0x000000078010e9a8,0x0000000783e80000)
 Metaspace       used 5232K, capacity 5667K, committed 5760K, reserved 1056768K
  class space    used 533K, capacity 560K, committed 640K, reserved 1048576K
}
Event: 1.137 GC heap before
{Heap before GC invocations=6 (full 0):
 PSYoungGen      total 2560K, used 2560K [0x00000007aab00000, 0x00000007ab200000, 0x00000007c0000000)
  eden space 2048K, 100% used [0x00000007aab00000,0x00000007aad00000,0x00000007aad00000)
  from space 512K, 100% used [0x00000007aad00000,0x00000007aad80000,0x00000007aad80000)
  to   space 1536K, 0% used [0x00000007ab080000,0x00000007ab080000,0x00000007ab200000)
 ParOldGen       total 64000K, used 1082K [0x0000000780000000, 0x0000000783e80000, 0x00000007aab00000)
  object space 64000K, 1% used [0x0000000780000000,0x000000078010e9a8,0x0000000783e80000)
 Metaspace       used 5758K, capacity 6019K, committed 6272K, reserved 1056768K
  class space    used 580K, capacity 592K, committed 640K, reserved 1048576K
Event: 1.140 GC heap after
Heap after GC invocations=6 (full 0):
 PSYoungGen      total 5632K, used 1071K [0x00000007aab00000, 0x00000007ab200000, 0x00000007c0000000)
  eden space 4096K, 0% used [0x00000007aab00000,0x00000007aab00000,0x00000007aaf00000)
  from space 1536K, 69% used [0x00000007ab080000,0x00000007ab18bf60,0x00000007ab200000)
  to   space 1536K, 0% used [0x00000007aaf00000,0x00000007aaf00000,0x00000007ab080000)
 ParOldGen       total 64000K, used 1090K [0x0000000780000000, 0x0000000783e80000, 0x00000007aab00000)
  object space 64000K, 1% used [0x0000000780000000,0x00000007801109a8,0x0000000783e80000)
 Metaspace       used 5758K, capacity 6019K, committed 6272K, reserved 1056768K
  class space    used 580K, capacity 592K, committed 640K, reserved 1048576K
}
Event: 2.042 GC heap before
{Heap before GC invocations=7 (full 0):
 PSYoungGen      total 5632K, used 5167K [0x00000007aab00000, 0x00000007ab200000, 0x00000007c0000000)
  eden space 4096K, 100% used [0x00000007aab00000,0x00000007aaf00000,0x00000007aaf00000)
  from space 1536K, 69% used [0x00000007ab080000,0x00000007ab18bf60,0x00000007ab200000)
  to   space 1536K, 0% used [0x00000007aaf00000,0x00000007aaf00000,0x00000007ab080000)
 ParOldGen       total 64000K, used 1090K [0x0000000780000000, 0x0000000783e80000, 0x00000007aab00000)
  object space 64000K, 1% used [0x0000000780000000,0x00000007801109a8,0x0000000783e80000)
 Metaspace       used 5964K, capacity 6159K, committed 6400K, reserved 1056768K
  class space    used 602K, capacity 658K, committed 768K, reserved 1048576K
Event: 2.054 GC heap after
Heap after GC invocations=7 (full 0):
 PSYoungGen      total 5632K, used 1536K [0x00000007aab00000, 0x00000007ab900000, 0x00000007c0000000)
  eden space 4096K, 0% used [0x00000007aab00000,0x00000007aab00000,0x00000007aaf00000)
  from space 1536K, 100% used [0x00000007aaf00000,0x00000007ab080000,0x00000007ab080000)
  to   space 3072K, 0% used [0x00000007ab600000,0x00000007ab600000,0x00000007ab900000)
 ParOldGen       total 64000K, used 3484K [0x0000000780000000, 0x0000000783e80000, 0x00000007aab00000)
  object space 64000K, 5% used [0x0000000780000000,0x0000000780367020,0x0000000783e80000)
 Metaspace       used 5964K, capacity 6159K, committed 6400K, reserved 1056768K
  class space    used 602K, capacity 658K, committed 768K, reserved 1048576K
}
Event: 2.177 GC heap before
{Heap before GC invocations=8 (full 0):
 PSYoungGen      total 5632K, used 5632K [0x00000007aab00000, 0x00000007ab900000, 0x00000007c0000000)
  eden space 4096K, 100% used [0x00000007aab00000,0x00000007aaf00000,0x00000007aaf00000)
  from space 1536K, 100% used [0x00000007aaf00000,0x00000007ab080000,0x00000007ab080000)
  to   space 3072K, 0% used [0x00000007ab600000,0x00000007ab600000,0x00000007ab900000)
 ParOldGen       total 64000K, used 3484K [0x0000000780000000, 0x0000000783e80000, 0x00000007aab00000)
  object space 64000K, 5% used [0x0000000780000000,0x0000000780367020,0x0000000783e80000)
 Metaspace       used 6546K, capacity 6687K, committed 6912K, reserved 1056768K
  class space    used 673K, capacity 722K, committed 768K, reserved 1048576K
Event: 2.190 GC heap after
Heap after GC invocations=8 (full 0):
 PSYoungGen      total 11264K, used 1568K [0x00000007aab00000, 0x00000007ab900000, 0x00000007c0000000)
  eden space 8192K, 0% used [0x00000007aab00000,0x00000007aab00000,0x00000007ab300000)
  from space 3072K, 51% used [0x00000007ab600000,0x00000007ab788000,0x00000007ab900000)
  to   space 3072K, 0% used [0x00000007ab300000,0x00000007ab300000,0x00000007ab600000)
 ParOldGen       total 64000K, used 3648K [0x0000000780000000, 0x0000000783e80000, 0x00000007aab00000)
  object space 64000K, 5% used [0x0000000780000000,0x0000000780390378,0x0000000783e80000)
 Metaspace       used 6546K, capacity 6687K, committed 6912K, reserved 1056768K
  class space    used 673K, capacity 722K, committed 768K, reserved 1048576K
}

